{"C:\\Users\\ALEJANDRO\\Desktop\\TRABAJOS\\Semestre 9\\Sistema multimedia audiovisuales\\Tutoriales\\Tutorial 1\\Tutoriales_SMaudioVisuales\\Tutorial_1\\src\\avatar\\domain\\Avatar.ts": {"path":"C:\\Users\\ALEJANDRO\\Desktop\\TRABAJOS\\Semestre 9\\Sistema multimedia audiovisuales\\Tutoriales\\Tutorial 1\\Tutoriales_SMaudioVisuales\\Tutorial_1\\src\\avatar\\domain\\Avatar.ts","statementMap":{"0":{"start":{"line":6,"column":3},"end":{"line":6,"column":31}},"1":{"start":{"line":9,"column":3},"end":{"line":9,"column":34}},"2":{"start":{"line":12,"column":3},"end":{"line":12,"column":29}},"3":{"start":{"line":15,"column":2},"end":{"line":15,"column":28}},"4":{"start":{"line":1,"column":0},"end":{"line":1,"column":13}}},"fnMap":{"0":{"name":"(anonymous_0)","decl":{"start":{"line":5,"column":2},"end":{"line":5,"column":null}},"loc":{"start":{"line":5,"column":2},"end":{"line":7,"column":4}}},"1":{"name":"(anonymous_1)","decl":{"start":{"line":8,"column":3},"end":{"line":8,"column":24}},"loc":{"start":{"line":8,"column":24},"end":{"line":10,"column":4}}},"2":{"name":"(anonymous_2)","decl":{"start":{"line":11,"column":3},"end":{"line":11,"column":11}},"loc":{"start":{"line":11,"column":11},"end":{"line":13,"column":4}}},"3":{"name":"(anonymous_3)","decl":{"start":{"line":14,"column":3},"end":{"line":14,"column":12}},"loc":{"start":{"line":14,"column":12},"end":{"line":16,"column":2}}}},"branchMap":{},"s":{"0":2,"1":4,"2":1,"3":1,"4":1},"f":{"0":2,"1":4,"2":1,"3":1},"b":{}}
}
